make all --print-data-base --no-builtin-variables --no-builtin-rules --question
# GNU Make 3.81
# Copyright (C) 2006  Free Software Foundation, Inc.
# This is free software; see the source for copying conditions.
# There is NO warranty; not even for MERCHANTABILITY or FITNESS FOR A
# PARTICULAR PURPOSE.

# This program built for i386-apple-darwin11.3.0
 
make: *** No rule to make target `all'.  Stop.


# Make data base, printed on Fri May  5 14:22:52 2023

# Variables

# automatic
 
<D = $(patsubst %/,%,$(dir $<))
# environment
RUBY_VERSION = ruby-3.0.3
# automatic
?F = $(notdir $?)
# environment
ELECTRON_NO_ATTACH_CONSOLE = 1
# environment
HOMEBREW_NO_ANALYTICS = 1
# environment
LC_CTYPE = UTF-8
# environment
NVM_INC = /Users/andresgualde/.nvm/versions/node/v16.13.1/include/node
# automatic
?D = $(patsubst %/,%,$(dir $?))
# environment
rvm_path = /Users/andresgualde/.rvm
# automatic
@D = $(patsubst %/,%,$(dir $@))
# automatic
@F = $(notdir $@)
# makefile
CURDIR := /Users/andresgualde/code/agualde/api
# makefile
SHELL = /bin/sh
# environment
VSCODE_NLS_CONFIG = {"locale":"en-gb","availableLanguages":{},"_languagePackSupport":true}
# environment
_ = /usr/bin/make
# environment
rvm_system_flag = 
# environment
rvm_ruby_string = ruby-3.0.3
# environment
rvm_file_name = 
# environment
rvm_ruby_mode = 
# environment
rvm_ruby_make = 
# environment
__CFBundleIdentifier = com.microsoft.VSCode
# environment
rvm_proxy = 
# environment
VSCODE_CWD = /Users/andresgualde/code/agualde/api
# environment
rvm_pretty_print_flag = 
# environment
PATH = /Users/andresgualde/.rvm/gems/ruby-3.0.3/bin:/Users/andresgualde/.rvm/gems/ruby-3.0.3@global/bin:/Users/andresgualde/.rvm/rubies/ruby-3.0.3/bin:/Users/andresgualde/.rvm/bin:/Users/andresgualde/.yarn/bin:/Users/andresgualde/.config/yarn/global/node_modules/.bin:/Users/andresgualde/.nvm/versions/node/v16.13.1/bin:/opt/homebrew/bin:/opt/homebrew/bin:/opt/homebrew/bin:/usr/local/bin:/usr/bin:/bin:/usr/sbin:/sbin:/opt/homebrew/bin:/opt/homebrew/bin
# environment
LSCOLORS = Gxfxcxdxbxegedabagacad
# environment
rvm_niceness = 
# makefile (from `Makefile', line 1)
MAKEFILE_LIST :=  Makefile
# environment
NVM_BIN = /Users/andresgualde/.nvm/versions/node/v16.13.1/bin
# environment
rvm_only_path_flag = 
# environment
rvm_gemstone_package_file = 
# environment
ELECTRON_RUN_AS_NODE = 1
# environment
rvm_alias_expanded = 
# default
.FEATURES := target-specific order-only second-expansion else-if archives jobserver check-symlink
# environment
rvm_sticky_flag = 
# environment
rvm_user_flag = 
# environment
SSH_AUTH_SOCK = /private/tmp/com.apple.launchd.fTxzV7nelB/Listeners
# automatic
%F = $(notdir $%)
# environment
DISPLAY = /private/tmp/com.apple.launchd.Kax6N0WmOH/org.macosforge.xquartz:0
# environment
rvm_bin_path = /Users/andresgualde/.rvm/bin
# environment
PWD = /Users/andresgualde/code/agualde/api
# environment
GEM_HOME = /Users/andresgualde/.rvm/gems/ruby-3.0.3
# environment
rvm_docs_type = 
# environment
rvm_script_name = 
# environment
ORIGINAL_XDG_CURRENT_DESKTOP = undefined
# environment
VSCODE_AMD_ENTRYPOINT = vs/workbench/api/node/extensionHostProcess
# environment
HOME = /Users/andresgualde
# default
MAKEFILEPATH = $(shell /usr/bin/xcode-select -print-path 2>/dev/null || echo /Developer)/Makefiles
# environment
VSCODE_CLI = 1
# environment
VSCODE_CODE_CACHE_PATH = /Users/andresgualde/Library/Application Support/Code/CachedData/97dec172d3256f8ca4bfb2143f3f76b503ca0534
# environment
LOGNAME = andresgualde
# environment
BUNDLER_EDITOR = code
# environment
APPLICATION_INSIGHTS_NO_DIAGNOSTIC_CHANNEL = 1
# environment
NVM_CD_FLAGS = -q
# environment
ZSH = /Users/andresgualde/.oh-my-zsh
# environment
VSCODE_HANDLES_UNCAUGHT_ERRORS = true
# automatic
^D = $(patsubst %/,%,$(dir $^))
# environment
rvm_ruby_bits = 
# environment
GEM_PATH = /Users/andresgualde/.rvm/gems/ruby-3.0.3:/Users/andresgualde/.rvm/gems/ruby-3.0.3@global
# environment
XPC_FLAGS = 0x0
# environment
rvm_ruby_make_install = 
# default
MAKE = $(MAKE_COMMAND)
# default
MAKECMDGOALS := all
# environment
IRBRC = /Users/andresgualde/.rvm/rubies/ruby-3.0.3/.irbrc
# environment
SHLVL = 3
# environment
rvm_quiet_flag = 
# default
MAKE_VERSION := 3.81
# environment
USER = andresgualde
# makefile
.DEFAULT_GOAL := help
# environment
TERM_SESSION_ID = 6DC5B393-A593-4E94-8325-5F5BFBAFDD12
# environment
rvm_version = 1.29.12 (latest)
# environment
LESS = -R
# automatic
%D = $(patsubst %/,%,$(dir $%))
# default
MAKE_COMMAND := /Library/Developer/CommandLineTools/usr/bin/make
# environment
rvm_delete_flag = 0
# environment
TERM_PROGRAM = Apple_Terminal
# default
.VARIABLES := 
# environment
TMPDIR = /var/folders/29/4zzj13gn6z772rj7cqnzzwcm0000gp/T/
# automatic
*F = $(notdir $*)
# environment
VSCODE_IPC_HOOK = /Users/andresgualde/Library/Application Support/Code/1.74.3-main.sock
# environment
MallocNanoZone = 0
# makefile
MAKEFLAGS = Rrqp
# environment
MFLAGS = -Rrqp
# automatic
*D = $(patsubst %/,%,$(dir $*))
# environment
TERM_PROGRAM_VERSION = 445
# environment
NVM_DIR = /Users/andresgualde/.nvm
# environment
XPC_SERVICE_NAME = application.com.microsoft.VSCode.17047071.17047077.D925457C-A487-4ACF-8A5D-0723317660FC
# automatic
+D = $(patsubst %/,%,$(dir $+))
# automatic
+F = $(notdir $+)
# environment
rvm_sdk = 
# environment
rvm_ruby_alias = 
# environment
__CF_USER_TEXT_ENCODING = 0x1F6:0x0:0x0
# environment
COMMAND_MODE = unix2003
# default
MAKEFILES := 
# automatic
<F = $(notdir $<)
# environment
rvm_silent_flag = 
# environment
rvm_gemstone_url = 
# environment
EDITOR = code
# environment
PAGER = less
# environment
LC_ALL = C
# environment
PYENV_VIRTUALENV_DISABLE_PROMPT = 1
# environment
rvm_bin_flag = 
# automatic
^F = $(notdir $^)
# environment
rvm_prefix = /Users/andresgualde
# default
SUFFIXES := 
# environment
rvm_ruby_file = 
# environment
MAKELEVEL := 0
# environment
LANG = C
# environment
TERM = xterm-256color
# environment
rvm_use_flag = 
# environment
VSCODE_PID = 56963
# environment
MY_RUBY_HOME = /Users/andresgualde/.rvm/rubies/ruby-3.0.3
# environment
rvm_nightly_flag = 
# variable set hash-table stats:
# Load=113/1024=11%, Rehash=0, Collisions=11/137=8%

# Pattern-specific Variable Values

# No pattern-specific variable values.

# Directories

# . (device 16777231, inode 9101072): 28 files, no impossibilities.

# 28 files, no impossibilities in 1 directories.

# Implicit Rules

# No implicit rules.

# Files

# Not a target:
all:
#  Command-line target.
#  Implicit rule search has been done.
#  File does not exist.
#  File has not been updated.
# variable set hash-table stats:
# Load=0/32=0%, Rehash=0, Collisions=0/0=0%

.PHONY: help debug dockerize
#  Implicit rule search has not been done.
#  Modification time never checked.
#  File has not been updated.

# Not a target:
.SUFFIXES:
#  Implicit rule search has not been done.
#  Modification time never checked.
#  File has not been updated.

# Not a target:
Makefile:
#  Implicit rule search has been done.
#  Last modified 2022-06-15 21:07:24
#  File has been updated.
#  Successfully updated.
# variable set hash-table stats:
# Load=0/32=0%, Rehash=0, Collisions=0/0=0%

.EXPORT_ALL_VARIABLES:
#  Implicit rule search has not been done.
#  Modification time never checked.
#  File has not been updated.

debug:
#  Phony target (prerequisite of .PHONY).
#  Implicit rule search has not been done.
#  File does not exist.
#  File has not been updated.
#  commands to execute (from `Makefile', line 28):
	@echo $(UNAME)
	

# Not a target:
build:
#  Implicit rule search has not been done.
#  Modification time never checked.
#  File has not been updated.

help:
#  Phony target (prerequisite of .PHONY).
#  Implicit rule search has not been done.
#  File does not exist.
#  File has not been updated.
#  commands to execute (from `Makefile', line 19):
	@# this is not tested, but prepared in advance for you, Mac drivers
	@awk -F ':.*###' '$$0 ~ FS {printf "%15s%s\n", $$1 ":", $$2}' \
	$(MAKEFILE_LIST) | grep -v '@awk' | sort
	

dockerize: build
#  Phony target (prerequisite of .PHONY).
#  Implicit rule search has not been done.
#  File does not exist.
#  File has not been updated.
#  commands to execute (from `Makefile', line 32):
	@docker build -t car-pooling-challenge:latest .
	

# Not a target:
.DEFAULT:
#  Implicit rule search has not been done.
#  Modification time never checked.
#  File has not been updated.

 
# files hash-table stats:
# Load=10/1024=1%, Rehash=0, Collisions=0/28=0%
# VPATH Search Paths

# No `vpath' search paths.

# No general (`VPATH' variable) search path.

# # of strings in strcache: 1
# # of strcache buffers: 1
# strcache size: total = 4096 / max = 4096 / min = 4096 / avg = 4096
# strcache free: total = 4087 / max = 4087 / min = 4087 / avg = 4087

# Finished Make data base on Fri May  5 14:22:52 2023

 
